<?xml version="1.0" encoding="UTF-8"?>
<testng-results skipped="0" failed="0" ignored="0" total="1" passed="1">
  <reporter-output>
  </reporter-output>
  <suite name="Cucumber Framework suite" duration-ms="48795" started-at="2018-12-10T05:51:01Z" finished-at="2018-12-10T05:51:50Z">
    <groups>
      <group name="cucumber">
        <method signature="AbstractTestNGCucumberTests.feature(cucumber.api.testng.CucumberFeatureWrapper)[pri:0, instance:com.appname.qa.testrunner.TestNGCucumberRunner@4439f31e]" name="feature" class="cucumber.api.testng.AbstractTestNGCucumberTests"/>
      </group> <!-- cucumber -->
    </groups>
    <test name="Cucumber Test" duration-ms="48795" started-at="2018-12-10T05:51:01Z" finished-at="2018-12-10T05:51:50Z">
      <class name="com.appname.qa.testrunner.TestNGCucumberRunner">
        <test-method status="PASS" signature="setUpClass()[pri:0, instance:com.appname.qa.testrunner.TestNGCucumberRunner@4439f31e]" name="setUpClass" is-config="true" duration-ms="258" started-at="2018-12-10T11:21:01Z" finished-at="2018-12-10T11:21:01Z">
          <reporter-output>
          </reporter-output>
        </test-method> <!-- setUpClass -->
        <test-method status="PASS" signature="feature(cucumber.api.testng.CucumberFeatureWrapper)[pri:0, instance:com.appname.qa.testrunner.TestNGCucumberRunner@4439f31e]" name="feature" duration-ms="48388" started-at="2018-12-10T11:21:01Z" description="Runs Cucumber Feature" data-provider="features" finished-at="2018-12-10T11:21:50Z">
          <params>
            <param index="0">
              <value>
                <![CDATA[Login Feature]]>
              </value>
            </param>
          </params>
          <reporter-output>
          </reporter-output>
        </test-method> <!-- feature -->
        <test-method status="PASS" signature="tearDownClass()[pri:0, instance:com.appname.qa.testrunner.TestNGCucumberRunner@4439f31e]" name="tearDownClass" is-config="true" duration-ms="63" started-at="2018-12-10T11:21:50Z" finished-at="2018-12-10T11:21:50Z">
          <reporter-output>
          </reporter-output>
        </test-method> <!-- tearDownClass -->
      </class> <!-- com.appname.qa.testrunner.TestNGCucumberRunner -->
    </test> <!-- Cucumber Test -->
  </suite> <!-- Cucumber Framework suite -->
</testng-results>
