<?xml version="1.0" encoding="UTF-8" standalone="no"?>
<testsuite failures="0" name="cucumber.runtime.formatter.JUnitFormatter" skipped="0" tests="1" time="0">
<testcase classname="Login Feature" name="Login as a authenticated user" time="0">
<system-out><![CDATA[Given user is on homepage...................................................skipped
When user navigates to Login Page...........................................skipped
And user enters username and Password.......................................skipped
Then success message is displayed...........................................skipped
]]></system-out>
</testcase>
</testsuite>
